<?xml version="1.0" encoding="UTF-8"?>
<!-- Generated by org.testng.reporters.JUnitReportReporter -->
<testsuite hostname="BOL-LT-220131E" failures="0" tests="5" name="AutoTest" time="8.671" errors="0" timestamp="2022-03-11T11:03:35 BOT" skipped="0">
  <testcase classname="AutoTest" name="validateIfIphone13LabelAreDisplayed" time="3.075"/>
  <system-out/>
  <testcase classname="AutoTest" name="validateIphone13MenuOptions" time="3.104"/>
  <system-out/>
  <testcase classname="AutoTest" name="validatePowerTextInMacTab" time="0.686"/>
  <system-out/>
  <testcase classname="AutoTest" name="validateIfWeAreInIphone13Page" time="1.105"/>
  <system-out/>
  <testcase classname="AutoTest" name="validateInnovationTextInMacTab" time="0.701"/>
  <system-out/>
</testsuite> <!-- AutoTest -->
